<?xml version="1.0" encoding="utf-8"?>
<!DOCTYPE coverage SYSTEM "http://cobertura.sourceforge.net/xml/coverage-04.dtd">
<coverage line-rate="0.902118334550767" branch-rate="0.859375" lines-covered="1235" lines-valid="1369" branches-covered="330" branches-valid="384" complexity="509" version="0" timestamp="1773510309">
  <sources>
    <source>C:\Source\GitHub\JoeShook\udap-tools\udap-dotnet\Udap.Common\</source>
  </sources>
  <packages>
    <package name="Udap.Common" line-rate="0.902118334550767" branch-rate="0.859375" complexity="509">
      <classes>
        <class name="Microsoft.Extensions.DependencyInjection.UdapCertificateCacheExtensions" filename="C:\Source\GitHub\JoeShook\udap-tools\udap-dotnet\Udap.Common\Certificates\UdapCertificateCacheExtensions.cs" line-rate="0" branch-rate="1" complexity="1">
          <methods>
            <method name="AddUdapCertificateCache" signature="(Microsoft.Extensions.DependencyInjection.IServiceCollection)" line-rate="0" branch-rate="1" complexity="1">
              <lines>
                <line number="38" hits="0" branch="false" />
                <line number="39" hits="0" branch="false" />
                <line number="40" hits="0" branch="false" />
                <line number="41" hits="0" branch="false" />
              </lines>
            </method>
          </methods>
          <lines>
            <line number="38" hits="0" branch="false" />
            <line number="39" hits="0" branch="false" />
            <line number="40" hits="0" branch="false" />
            <line number="41" hits="0" branch="false" />
          </lines>
        </class>
        <class name="Udap.Common.Authentication.AuthenticationFailureException" filename="C:\Source\GitHub\JoeShook\udap-tools\udap-dotnet\Udap.Common\Authentication\AuthenticationFailureException.cs" line-rate="1" branch-rate="1" complexity="2">
          <methods>
            <method name=".ctor" signature="(System.String)" line-rate="1" branch-rate="1" complexity="1">
              <lines>
                <line number="32" hits="6" branch="false" />
                <line number="33" hits="6" branch="false" />
                <line number="34" hits="6" branch="false" />
              </lines>
            </method>
            <method name=".ctor" signature="(System.String,System.Exception)" line-rate="1" branch-rate="1" complexity="1">
              <lines>
                <line number="44" hits="1" branch="false" />
                <line number="45" hits="1" branch="false" />
                <line number="46" hits="1" branch="false" />
              </lines>
            </method>
          </methods>
          <lines>
            <line number="32" hits="6" branch="false" />
            <line number="33" hits="6" branch="false" />
            <line number="34" hits="6" branch="false" />
            <line number="44" hits="1" branch="false" />
            <line number="45" hits="1" branch="false" />
            <line number="46" hits="1" branch="false" />
          </lines>
        </class>
        <class name="Udap.Common.Authentication.JsonDocumentAuthExtensions" filename="C:\Source\GitHub\JoeShook\udap-tools\udap-dotnet\Udap.Common\Authentication\JsonDocumentAuthExtensions.cs" line-rate="1" branch-rate="1" complexity="4">
          <methods>
            <method name="GetString" signature="(System.Text.Json.JsonElement,System.String)" line-rate="1" branch-rate="1" complexity="4">
              <lines>
                <line number="20" hits="50" branch="false" />
                <line number="21" hits="50" branch="true" condition-coverage="100% (4/4)" />
                <line number="22" hits="18" branch="false" />
                <line number="23" hits="18" branch="false" />
                <line number="26" hits="32" branch="false" />
                <line number="27" hits="50" branch="false" />
              </lines>
            </method>
          </methods>
          <lines>
            <line number="20" hits="50" branch="false" />
            <line number="21" hits="50" branch="true" condition-coverage="100% (4/4)" />
            <line number="22" hits="18" branch="false" />
            <line number="23" hits="18" branch="false" />
            <line number="26" hits="32" branch="false" />
            <line number="27" hits="50" branch="false" />
          </lines>
        </class>
        <class name="Udap.Common.Authentication.OAuthTokenResponse" filename="C:\Source\GitHub\JoeShook\udap-tools\udap-dotnet\Udap.Common\Authentication\AuthTokenResponse.cs" line-rate="1" branch-rate="1" complexity="21">
          <methods>
            <method name="Success" signature="(System.Text.Json.JsonDocument)" line-rate="1" branch-rate="1" complexity="1">
              <lines>
                <line number="40" hits="10" branch="false" />
                <line number="41" hits="10" branch="false" />
                <line number="42" hits="10" branch="false" />
              </lines>
            </method>
            <method name="Failed" signature="(System.Exception)" line-rate="1" branch-rate="1" complexity="1">
              <lines>
                <line number="50" hits="1" branch="false" />
                <line number="51" hits="1" branch="false" />
                <line number="52" hits="1" branch="false" />
              </lines>
            </method>
            <method name="Dispose" signature="()" line-rate="1" branch-rate="1" complexity="1">
              <lines>
                <line number="56" hits="11" branch="false" />
                <line number="57" hits="11" branch="false" />
                <line number="58" hits="11" branch="false" />
                <line number="59" hits="11" branch="false" />
              </lines>
            </method>
            <method name="Dispose" signature="(System.Boolean)" line-rate="1" branch-rate="1" complexity="4">
              <lines>
                <line number="62" hits="11" branch="false" />
                <line number="63" hits="11" branch="true" condition-coverage="100% (2/2)" />
                <line number="64" hits="11" branch="false" />
                <line number="65" hits="11" branch="true" condition-coverage="100% (2/2)" />
                <line number="66" hits="11" branch="false" />
                <line number="67" hits="11" branch="false" />
              </lines>
            </method>
            <method name="get_Response" signature="()" line-rate="1" branch-rate="1" complexity="1">
              <lines>
                <line number="72" hits="24" branch="false" />
              </lines>
            </method>
            <method name="get_AccessToken" signature="()" line-rate="1" branch-rate="1" complexity="1">
              <lines>
                <line number="77" hits="14" branch="false" />
              </lines>
            </method>
            <method name="get_TokenType" signature="()" line-rate="1" branch-rate="1" complexity="1">
              <lines>
                <line number="85" hits="13" branch="false" />
              </lines>
            </method>
            <method name="get_RefreshToken" signature="()" line-rate="1" branch-rate="1" complexity="1">
              <lines>
                <line number="90" hits="13" branch="false" />
              </lines>
            </method>
            <method name="get_ExpiresIn" signature="()" line-rate="1" branch-rate="1" complexity="1">
              <lines>
                <line number="95" hits="13" branch="false" />
              </lines>
            </method>
            <method name="get_Error" signature="()" line-rate="1" branch-rate="1" complexity="1">
              <lines>
                <line number="100" hits="46" branch="false" />
              </lines>
            </method>
            <method name="GetStandardErrorException" signature="(System.Text.Json.JsonDocument)" line-rate="1" branch-rate="1" complexity="6">
              <lines>
                <line number="103" hits="10" branch="false" />
                <line number="104" hits="10" branch="false" />
                <line number="105" hits="10" branch="false" />
                <line number="107" hits="10" branch="true" condition-coverage="100% (2/2)" />
                <line number="108" hits="4" branch="false" />
                <line number="109" hits="4" branch="false" />
                <line number="112" hits="6" branch="false" />
                <line number="113" hits="6" branch="false" />
                <line number="115" hits="6" branch="true" condition-coverage="100% (2/2)" />
                <line number="116" hits="3" branch="false" />
                <line number="117" hits="3" branch="false" />
                <line number="118" hits="3" branch="false" />
                <line number="119" hits="3" branch="false" />
                <line number="121" hits="6" branch="true" condition-coverage="100% (2/2)" />
                <line number="122" hits="2" branch="false" />
                <line number="123" hits="2" branch="false" />
                <line number="124" hits="2" branch="false" />
                <line number="125" hits="2" branch="false" />
                <line number="127" hits="6" branch="false" />
                <line number="128" hits="6" branch="false" />
                <line number="129" hits="6" branch="false" />
                <line number="130" hits="6" branch="false" />
                <line number="132" hits="6" branch="false" />
                <line number="133" hits="10" branch="false" />
              </lines>
            </method>
            <method name=".ctor" signature="(System.Text.Json.JsonDocument)" line-rate="1" branch-rate="1" complexity="1">
              <lines>
                <line number="18" hits="10" branch="false" />
                <line number="19" hits="10" branch="false" />
                <line number="20" hits="10" branch="false" />
                <line number="21" hits="10" branch="false" />
                <line number="22" hits="10" branch="false" />
                <line number="23" hits="10" branch="false" />
                <line number="24" hits="10" branch="false" />
                <line number="25" hits="10" branch="false" />
                <line number="26" hits="10" branch="false" />
                <line number="27" hits="10" branch="false" />
              </lines>
            </method>
            <method name=".ctor" signature="(System.Exception)" line-rate="1" branch-rate="1" complexity="1">
              <lines>
                <line number="29" hits="1" branch="false" />
                <line number="30" hits="1" branch="false" />
                <line number="31" hits="1" branch="false" />
                <line number="32" hits="1" branch="false" />
              </lines>
            </method>
          </methods>
          <lines>
            <line number="18" hits="10" branch="false" />
            <line number="19" hits="10" branch="false" />
            <line number="20" hits="10" branch="false" />
            <line number="21" hits="10" branch="false" />
            <line number="22" hits="10" branch="false" />
            <line number="23" hits="10" branch="false" />
            <line number="24" hits="10" branch="false" />
            <line number="25" hits="10" branch="false" />
            <line number="26" hits="10" branch="false" />
            <line number="27" hits="10" branch="false" />
            <line number="29" hits="1" branch="false" />
            <line number="30" hits="1" branch="false" />
            <line number="31" hits="1" branch="false" />
            <line number="32" hits="1" branch="false" />
            <line number="40" hits="10" branch="false" />
            <line number="41" hits="10" branch="false" />
            <line number="42" hits="10" branch="false" />
            <line number="50" hits="1" branch="false" />
            <line number="51" hits="1" branch="false" />
            <line number="52" hits="1" branch="false" />
            <line number="56" hits="11" branch="false" />
            <line number="57" hits="11" branch="false" />
            <line number="58" hits="11" branch="false" />
            <line number="59" hits="11" branch="false" />
            <line number="62" hits="11" branch="false" />
            <line number="63" hits="11" branch="true" condition-coverage="100% (2/2)" />
            <line number="64" hits="11" branch="false" />
            <line number="65" hits="11" branch="true" condition-coverage="100% (2/2)" />
            <line number="66" hits="11" branch="false" />
            <line number="67" hits="11" branch="false" />
            <line number="72" hits="24" branch="false" />
            <line number="77" hits="14" branch="false" />
            <line number="85" hits="13" branch="false" />
            <line number="90" hits="13" branch="false" />
            <line number="95" hits="13" branch="false" />
            <line number="100" hits="46" branch="false" />
            <line number="103" hits="10" branch="false" />
            <line number="104" hits="10" branch="false" />
            <line number="105" hits="10" branch="false" />
            <line number="107" hits="10" branch="true" condition-coverage="100% (2/2)" />
            <line number="108" hits="4" branch="false" />
            <line number="109" hits="4" branch="false" />
            <line number="112" hits="6" branch="false" />
            <line number="113" hits="6" branch="false" />
            <line number="115" hits="6" branch="true" condition-coverage="100% (2/2)" />
            <line number="116" hits="3" branch="false" />
            <line number="117" hits="3" branch="false" />
            <line number="118" hits="3" branch="false" />
            <line number="119" hits="3" branch="false" />
            <line number="121" hits="6" branch="true" condition-coverage="100% (2/2)" />
            <line number="122" hits="2" branch="false" />
            <line number="123" hits="2" branch="false" />
            <line number="124" hits="2" branch="false" />
            <line number="125" hits="2" branch="false" />
            <line number="127" hits="6" branch="false" />
            <line number="128" hits="6" branch="false" />
            <line number="129" hits="6" branch="false" />
            <line number="130" hits="6" branch="false" />
            <line number="132" hits="6" branch="false" />
            <line number="133" hits="10" branch="false" />
          </lines>
        </class>
        <class name="Udap.Common.Certificates.CertificateDownloadCache" filename="C:\Source\GitHub\JoeShook\udap-tools\udap-dotnet\Udap.Common\Certificates\CertificateDownloadCache.cs" line-rate="1" branch-rate="0.875" complexity="18">
          <methods>
            <method name=".ctor" signature="(ZiggyCreatures.Caching.Fusion.IFusionCacheProvider,System.Net.Http.HttpClient,Microsoft.Extensions.Logging.ILogger`1&lt;Udap.Common.Certificates.CertificateDownloadCache&gt;,System.Nullable`1&lt;System.TimeSpan&gt;)" line-rate="1" branch-rate="0.5" complexity="2">
              <lines>
                <line number="37" hits="12" branch="false" />
                <line number="38" hits="12" branch="false" />
                <line number="39" hits="12" branch="false" />
                <line number="40" hits="12" branch="false" />
                <line number="41" hits="12" branch="false" />
                <line number="42" hits="12" branch="false" />
                <line number="43" hits="12" branch="false" />
                <line number="44" hits="12" branch="false" />
                <line number="45" hits="12" branch="false" />
                <line number="46" hits="12" branch="true" condition-coverage="50% (1/2)" />
                <line number="47" hits="12" branch="false" />
              </lines>
            </method>
            <method name="GetCrlAsync" signature="()" line-rate="1" branch-rate="0.875" complexity="8">
              <lines>
                <line number="86" hits="13" branch="true" condition-coverage="100% (2/2)" />
                <line number="87" hits="13" branch="false" />
                <line number="89" hits="13" branch="false" />
                <line number="90" hits="13" branch="true" condition-coverage="100% (2/2)" />
                <line number="91" hits="3" branch="false" />
                <line number="92" hits="3" branch="false" />
                <line number="96" hits="10" branch="false" />
                <line number="97" hits="10" branch="false" />
                <line number="98" hits="10" branch="false" />
                <line number="100" hits="9" branch="false" />
                <line number="101" hits="9" branch="true" condition-coverage="50% (1/2)" />
                <line number="102" hits="9" branch="false" />
                <line number="104" hits="9" branch="false" />
                <line number="105" hits="9" branch="true" condition-coverage="100% (2/2)" />
                <line number="106" hits="7" branch="false" />
                <line number="107" hits="7" branch="false" />
                <line number="108" hits="7" branch="false" />
                <line number="110" hits="9" branch="false" />
                <line number="112" hits="9" branch="false" />
                <line number="114" hits="1" branch="false" />
                <line number="115" hits="1" branch="false" />
                <line number="116" hits="1" branch="false" />
                <line number="117" hits="1" branch="false" />
                <line number="119" hits="13" branch="false" />
              </lines>
            </method>
            <method name="GetIntermediateCertificateAsync" signature="()" line-rate="1" branch-rate="1" complexity="6">
              <lines>
                <line number="51" hits="11" branch="true" condition-coverage="100% (2/2)" />
                <line number="52" hits="11" branch="false" />
                <line number="54" hits="11" branch="false" />
                <line number="55" hits="11" branch="true" condition-coverage="100% (2/2)" />
                <line number="56" hits="3" branch="false" />
                <line number="57" hits="3" branch="false" />
                <line number="61" hits="8" branch="false" />
                <line number="62" hits="8" branch="false" />
                <line number="63" hits="8" branch="false" />
                <line number="64" hits="7" branch="false" />
                <line number="66" hits="7" branch="false" />
                <line number="67" hits="7" branch="false" />
                <line number="68" hits="7" branch="true" condition-coverage="100% (2/2)" />
                <line number="69" hits="7" branch="false" />
                <line number="70" hits="7" branch="false" />
                <line number="71" hits="7" branch="false" />
                <line number="73" hits="7" branch="false" />
                <line number="75" hits="7" branch="false" />
                <line number="77" hits="1" branch="false" />
                <line number="78" hits="1" branch="false" />
                <line number="79" hits="1" branch="false" />
                <line number="80" hits="1" branch="false" />
                <line number="82" hits="11" branch="false" />
              </lines>
            </method>
            <method name="RemoveCrlAsync" signature="()" line-rate="1" branch-rate="1" complexity="1">
              <lines>
                <line number="130" hits="4" branch="false" />
                <line number="131" hits="4" branch="false" />
                <line number="132" hits="4" branch="false" />
                <line number="133" hits="4" branch="false" />
              </lines>
            </method>
            <method name="RemoveIntermediateAsync" signature="()" line-rate="1" branch-rate="1" complexity="1">
              <lines>
                <line number="123" hits="2" branch="false" />
                <line number="124" hits="2" branch="false" />
                <line number="125" hits="2" branch="false" />
                <line number="126" hits="2" branch="false" />
              </lines>
            </method>
          </methods>
          <lines>
            <line number="37" hits="12" branch="false" />
            <line number="38" hits="12" branch="false" />
            <line number="39" hits="12" branch="false" />
            <line number="40" hits="12" branch="false" />
            <line number="41" hits="12" branch="false" />
            <line number="42" hits="12" branch="false" />
            <line number="43" hits="12" branch="false" />
            <line number="44" hits="12" branch="false" />
            <line number="45" hits="12" branch="false" />
            <line number="46" hits="12" branch="true" condition-coverage="50% (1/2)" />
            <line number="47" hits="12" branch="false" />
            <line number="51" hits="11" branch="true" condition-coverage="100% (2/2)" />
            <line number="52" hits="11" branch="false" />
            <line number="54" hits="11" branch="false" />
            <line number="55" hits="11" branch="true" condition-coverage="100% (2/2)" />
            <line number="56" hits="3" branch="false" />
            <line number="57" hits="3" branch="false" />
            <line number="61" hits="8" branch="false" />
            <line number="62" hits="8" branch="false" />
            <line number="63" hits="8" branch="false" />
            <line number="64" hits="7" branch="false" />
            <line number="66" hits="7" branch="false" />
            <line number="67" hits="7" branch="false" />
            <line number="68" hits="7" branch="true" condition-coverage="100% (2/2)" />
            <line number="69" hits="7" branch="false" />
            <line number="70" hits="7" branch="false" />
            <line number="71" hits="7" branch="false" />
            <line number="73" hits="7" branch="false" />
            <line number="75" hits="7" branch="false" />
            <line number="77" hits="1" branch="false" />
            <line number="78" hits="1" branch="false" />
            <line number="79" hits="1" branch="false" />
            <line number="80" hits="1" branch="false" />
            <line number="82" hits="11" branch="false" />
            <line number="86" hits="13" branch="true" condition-coverage="100% (2/2)" />
            <line number="87" hits="13" branch="false" />
            <line number="89" hits="13" branch="false" />
            <line number="90" hits="13" branch="true" condition-coverage="100% (2/2)" />
            <line number="91" hits="3" branch="false" />
            <line number="92" hits="3" branch="false" />
            <line number="96" hits="10" branch="false" />
            <line number="97" hits="10" branch="false" />
            <line number="98" hits="10" branch="false" />
            <line number="100" hits="9" branch="false" />
            <line number="101" hits="9" branch="true" condition-coverage="50% (1/2)" />
            <line number="102" hits="9" branch="false" />
            <line number="104" hits="9" branch="false" />
            <line number="105" hits="9" branch="true" condition-coverage="100% (2/2)" />
            <line number="106" hits="7" branch="false" />
            <line number="107" hits="7" branch="false" />
            <line number="108" hits="7" branch="false" />
            <line number="110" hits="9" branch="false" />
            <line number="112" hits="9" branch="false" />
            <line number="114" hits="1" branch="false" />
            <line number="115" hits="1" branch="false" />
            <line number="116" hits="1" branch="false" />
            <line number="117" hits="1" branch="false" />
            <line number="119" hits="13" branch="false" />
            <line number="123" hits="2" branch="false" />
            <line number="124" hits="2" branch="false" />
            <line number="125" hits="2" branch="false" />
            <line number="126" hits="2" branch="false" />
            <line number="130" hits="4" branch="false" />
            <line number="131" hits="4" branch="false" />
            <line number="132" hits="4" branch="false" />
            <line number="133" hits="4" branch="false" />
          </lines>
        </class>
        <class name="Udap.Common.Certificates.ChainElementExtensions" filename="C:\Source\GitHub\JoeShook\udap-tools\udap-dotnet\Udap.Common\Certificates\ChainElementExtensions.cs" line-rate="1" branch-rate="1" complexity="10">
          <methods>
            <method name="Summarize" signature="(System.Collections.Generic.IReadOnlyList`1&lt;Udap.Common.Certificates.ChainProblem&gt;,Udap.Common.Certificates.ChainProblemStatus)" line-rate="1" branch-rate="1" complexity="4">
              <lines>
                <line number="18" hits="4" branch="false" />
                <line number="19" hits="4" branch="false" />
                <line number="21" hits="22" branch="true" condition-coverage="100% (2/2)" />
                <line number="22" hits="5" branch="false" />
                <line number="23" hits="5" branch="true" condition-coverage="100% (2/2)" />
                <line number="24" hits="2" branch="false" />
                <line number="25" hits="2" branch="false" />
                <line number="26" hits="2" branch="false" />
                <line number="27" hits="2" branch="false" />
                <line number="28" hits="5" branch="false" />
                <line number="30" hits="4" branch="false" />
                <line number="31" hits="4" branch="false" />
              </lines>
            </method>
            <method name="Summarize" signature="(System.Collections.Generic.IReadOnlyList`1&lt;Udap.Common.Certificates.ChainElementInfo&gt;)" line-rate="1" branch-rate="1" complexity="6">
              <lines>
                <line number="34" hits="5" branch="false" />
                <line number="35" hits="5" branch="false" />
                <line number="36" hits="5" branch="false" />
                <line number="38" hits="25" branch="true" condition-coverage="100% (2/2)" />
                <line number="39" hits="5" branch="false" />
                <line number="40" hits="25" branch="true" condition-coverage="100% (2/2)" />
                <line number="41" hits="5" branch="false" />
                <line number="42" hits="5" branch="true" condition-coverage="100% (2/2)" />
                <line number="43" hits="3" branch="false" />
                <line number="44" hits="3" branch="false" />
                <line number="45" hits="3" branch="false" />
                <line number="46" hits="5" branch="false" />
                <line number="47" hits="5" branch="false" />
                <line number="49" hits="5" branch="false" />
                <line number="50" hits="5" branch="false" />
              </lines>
            </method>
          </methods>
          <lines>
            <line number="18" hits="4" branch="false" />
            <line number="19" hits="4" branch="false" />
            <line number="21" hits="22" branch="true" condition-coverage="100% (2/2)" />
            <line number="22" hits="5" branch="false" />
            <line number="23" hits="5" branch="true" condition-coverage="100% (2/2)" />
            <line number="24" hits="2" branch="false" />
            <line number="25" hits="2" branch="false" />
            <line number="26" hits="2" branch="false" />
            <line number="27" hits="2" branch="false" />
            <line number="28" hits="5" branch="false" />
            <line number="30" hits="4" branch="false" />
            <line number="31" hits="4" branch="false" />
            <line number="34" hits="5" branch="false" />
            <line number="35" hits="5" branch="false" />
            <line number="36" hits="5" branch="false" />
            <line number="38" hits="25" branch="true" condition-coverage="100% (2/2)" />
            <line number="39" hits="5" branch="false" />
            <line number="40" hits="25" branch="true" condition-coverage="100% (2/2)" />
            <line number="41" hits="5" branch="false" />
            <line number="42" hits="5" branch="true" condition-coverage="100% (2/2)" />
            <line number="43" hits="3" branch="false" />
            <line number="44" hits="3" branch="false" />
            <line number="45" hits="3" branch="false" />
            <line number="46" hits="5" branch="false" />
            <line number="47" hits="5" branch="false" />
            <line number="49" hits="5" branch="false" />
            <line number="50" hits="5" branch="false" />
          </lines>
        </class>
        <class name="Udap.Common.Certificates.ChainElementInfo" filename="C:\Source\GitHub\JoeShook\udap-tools\udap-dotnet\Udap.Common\Certificates\ChainElementInfo.cs" line-rate="0.9166666666666666" branch-rate="1" complexity="5">
          <methods>
            <method name="get_Certificate" signature="()" line-rate="1" branch-rate="1" complexity="1">
              <lines>
                <line number="35" hits="220" branch="false" />
              </lines>
            </method>
            <method name="get_Problems" signature="()" line-rate="1" branch-rate="1" complexity="1">
              <lines>
                <line number="40" hits="174" branch="false" />
              </lines>
            </method>
            <method name="get_HasProblems" signature="()" line-rate="0" branch-rate="1" complexity="1">
              <lines>
                <line number="45" hits="0" branch="false" />
              </lines>
            </method>
            <method name=".ctor" signature="(System.Security.Cryptography.X509Certificates.X509Certificate2)" line-rate="1" branch-rate="1" complexity="1">
              <lines>
                <line number="21" hits="1" branch="false" />
                <line number="22" hits="1" branch="false" />
                <line number="23" hits="1" branch="false" />
                <line number="24" hits="1" branch="false" />
              </lines>
            </method>
            <method name=".ctor" signature="(System.Security.Cryptography.X509Certificates.X509Certificate2,System.Collections.Generic.IReadOnlyList`1&lt;Udap.Common.Certificates.ChainProblem&gt;)" line-rate="1" branch-rate="1" complexity="1">
              <lines>
                <line number="26" hits="107" branch="false" />
                <line number="27" hits="107" branch="false" />
                <line number="28" hits="107" branch="false" />
                <line number="29" hits="107" branch="false" />
                <line number="30" hits="107" branch="false" />
              </lines>
            </method>
          </methods>
          <lines>
            <line number="21" hits="1" branch="false" />
            <line number="22" hits="1" branch="false" />
            <line number="23" hits="1" branch="false" />
            <line number="24" hits="1" branch="false" />
            <line number="26" hits="107" branch="false" />
            <line number="27" hits="107" branch="false" />
            <line number="28" hits="107" branch="false" />
            <line number="29" hits="107" branch="false" />
            <line number="30" hits="107" branch="false" />
            <line number="35" hits="220" branch="false" />
            <line number="40" hits="174" branch="false" />
            <line number="45" hits="0" branch="false" />
          </lines>
        </class>
        <class name="Udap.Common.Certificates.ChainProblem" filename="C:\Source\GitHub\JoeShook\udap-tools\udap-dotnet\Udap.Common\Certificates\ChainElementInfo.cs" line-rate="1" branch-rate="1" complexity="3">
          <methods>
            <method name="get_Status" signature="()" line-rate="1" branch-rate="1" complexity="1">
              <lines>
                <line number="59" hits="120" branch="false" />
              </lines>
            </method>
            <method name="get_StatusInformation" signature="()" line-rate="1" branch-rate="1" complexity="1">
              <lines>
                <line number="60" hits="66" branch="false" />
              </lines>
            </method>
            <method name=".ctor" signature="(Udap.Common.Certificates.ChainProblemStatus,System.String)" line-rate="1" branch-rate="1" complexity="1">
              <lines>
                <line number="53" hits="40" branch="false" />
                <line number="54" hits="40" branch="false" />
                <line number="55" hits="40" branch="false" />
                <line number="56" hits="40" branch="false" />
                <line number="57" hits="40" branch="false" />
              </lines>
            </method>
          </methods>
          <lines>
            <line number="53" hits="40" branch="false" />
            <line number="54" hits="40" branch="false" />
            <line number="55" hits="40" branch="false" />
            <line number="56" hits="40" branch="false" />
            <line number="57" hits="40" branch="false" />
            <line number="59" hits="120" branch="false" />
            <line number="60" hits="66" branch="false" />
          </lines>
        </class>
        <class name="Udap.Common.Certificates.ChainValidationResult" filename="C:\Source\GitHub\JoeShook\udap-tools\udap-dotnet\Udap.Common\Certificates\ChainElementInfo.cs" line-rate="1" branch-rate="1" complexity="4">
          <methods>
            <method name="get_IsValid" signature="()" line-rate="1" branch-rate="1" complexity="1">
              <lines>
                <line number="96" hits="52" branch="false" />
              </lines>
            </method>
            <method name="get_ChainElements" signature="()" line-rate="1" branch-rate="1" complexity="1">
              <lines>
                <line number="97" hits="7" branch="false" />
              </lines>
            </method>
            <method name="get_CommunityId" signature="()" line-rate="1" branch-rate="1" complexity="1">
              <lines>
                <line number="98" hits="1" branch="false" />
              </lines>
            </method>
            <method name=".ctor" signature="(System.Boolean,System.Collections.Generic.IReadOnlyList`1&lt;Udap.Common.Certificates.ChainElementInfo&gt;,System.Nullable`1&lt;System.Int64&gt;)" line-rate="1" branch-rate="1" complexity="1">
              <lines>
                <line number="89" hits="52" branch="false" />
                <line number="90" hits="52" branch="false" />
                <line number="91" hits="52" branch="false" />
                <line number="92" hits="52" branch="false" />
                <line number="93" hits="52" branch="false" />
                <line number="94" hits="52" branch="false" />
              </lines>
            </method>
          </methods>
          <lines>
            <line number="89" hits="52" branch="false" />
            <line number="90" hits="52" branch="false" />
            <line number="91" hits="52" branch="false" />
            <line number="92" hits="52" branch="false" />
            <line number="93" hits="52" branch="false" />
            <line number="94" hits="52" branch="false" />
            <line number="96" hits="52" branch="false" />
            <line number="97" hits="7" branch="false" />
            <line number="98" hits="1" branch="false" />
          </lines>
        </class>
        <class name="Udap.Common.Certificates.FileCertificateStore" filename="C:\Source\GitHub\JoeShook\udap-tools\udap-dotnet\Udap.Common\Certificates\FileCertificateStore.cs" line-rate="0.9821428571428571" branch-rate="0.88" complexity="53">
          <methods>
            <method name="Resolve" signature="()" line-rate="1" branch-rate="1" complexity="2">
              <lines>
                <line number="41" hits="10" branch="false" />
                <line number="42" hits="10" branch="true" condition-coverage="100% (2/2)" />
                <line number="43" hits="9" branch="false" />
                <line number="44" hits="9" branch="false" />
                <line number="45" hits="7" branch="false" />
                <line number="46" hits="8" branch="false" />
                <line number="48" hits="8" branch="false" />
                <line number="49" hits="8" branch="false" />
              </lines>
            </method>
            <method name="get_AnchorCertificates" signature="()" line-rate="1" branch-rate="1" complexity="1">
              <lines>
                <line number="51" hits="35" branch="false" />
              </lines>
            </method>
            <method name="get_IssuedCertificates" signature="()" line-rate="1" branch-rate="1" complexity="1">
              <lines>
                <line number="54" hits="29" branch="false" />
              </lines>
            </method>
            <method name="LoadCertificates" signature="(Udap.Common.UdapFileCertStoreManifest)" line-rate="1" branch-rate="0.875" complexity="48">
              <lines>
                <line number="59" hits="9" branch="false" />
                <line number="61" hits="9" branch="false" />
                <line number="62" hits="9" branch="false" />
                <line number="64" hits="61" branch="true" condition-coverage="100% (2/2)" />
                <line number="65" hits="18" branch="false" />
                <line number="66" hits="18" branch="false" />
                <line number="67" hits="18" branch="true" condition-coverage="100% (2/2)" />
                <line number="68" hits="1" branch="false" />
                <line number="69" hits="5" branch="true" condition-coverage="100% (2/2)" />
                <line number="70" hits="1" branch="false" />
                <line number="71" hits="1" branch="false" />
                <line number="72" hits="1" branch="false" />
                <line number="73" hits="1" branch="false" />
                <line number="75" hits="68" branch="true" condition-coverage="100% (2/2)" />
                <line number="76" hits="8" branch="false" />
                <line number="77" hits="8" branch="true" condition-coverage="100% (2/2)" />
                <line number="78" hits="1" branch="false" />
                <line number="79" hits="1" branch="false" />
                <line number="82" hits="7" branch="false" />
                <line number="84" hits="7" branch="true" condition-coverage="100% (2/2)" />
                <line number="85" hits="1" branch="false" />
                <line number="86" hits="1" branch="false" />
                <line number="89" hits="6" branch="false" />
                <line number="90" hits="6" branch="false" />
                <line number="91" hits="6" branch="false" />
                <line number="92" hits="6" branch="false" />
                <line number="93" hits="6" branch="false" />
                <line number="95" hits="78" branch="true" condition-coverage="100% (2/2)" />
                <line number="96" hits="15" branch="false" />
                <line number="97" hits="15" branch="true" condition-coverage="100% (2/2)" />
                <line number="98" hits="1" branch="false" />
                <line number="99" hits="1" branch="false" />
                <line number="100" hits="1" branch="false" />
                <line number="102" hits="15" branch="true" condition-coverage="100% (2/2)" />
                <line number="103" hits="14" branch="false" />
                <line number="104" hits="14" branch="false" />
                <line number="106" hits="14" branch="true" condition-coverage="100% (2/2)" />
                <line number="107" hits="1" branch="false" />
                <line number="108" hits="1" branch="false" />
                <line number="109" hits="1" branch="false" />
                <line number="112" hits="13" branch="false" />
                <line number="113" hits="13" branch="false" />
                <line number="115" hits="117" branch="true" condition-coverage="100% (2/2)" />
                <line number="116" hits="39" branch="false" />
                <line number="117" hits="78" branch="true" condition-coverage="50% (1/2)" />
                <line number="118" hits="167" branch="true" condition-coverage="50% (1/2)" />
                <line number="125" hits="39" branch="false" />
                <line number="127" hits="39" branch="false" />
                <line number="128" hits="39" branch="true" condition-coverage="100% (2/2)" />
                <line number="129" hits="26" branch="false" />
                <line number="130" hits="26" branch="false" />
                <line number="131" hits="26" branch="false" />
                <line number="132" hits="26" branch="false" />
                <line number="133" hits="26" branch="false" />
                <line number="136" hits="39" branch="true" condition-coverage="100% (2/2)" />
                <line number="137" hits="39" branch="false" />
                <line number="138" hits="39" branch="true" condition-coverage="100% (2/2)" />
                <line number="139" hits="26" branch="false" />
                <line number="140" hits="26" branch="true" condition-coverage="83% (5/6)" />
                <line number="141" hits="26" branch="false" />
                <line number="142" hits="13" branch="false" />
                <line number="143" hits="13" branch="false" />
                <line number="144" hits="13" branch="false" />
                <line number="146" hits="13" branch="false" />
                <line number="147" hits="13" branch="false" />
                <line number="149" hits="13" branch="false" />
                <line number="150" hits="25" branch="false" />
                <line number="151" hits="25" branch="false" />
                <line number="152" hits="25" branch="false" />
                <line number="153" hits="88" branch="true" condition-coverage="50% (1/2)" />
                <line number="154" hits="25" branch="false" />
                <line number="155" hits="13" branch="false" />
                <line number="156" hits="25" branch="true" condition-coverage="75% (3/4)" />
                <line number="157" hits="11" branch="false" />
                <line number="158" hits="11" branch="false" />
                <line number="159" hits="13" branch="false" />
                <line number="160" hits="13" branch="false" />
                <line number="161" hits="14" branch="false" />
                <line number="162" hits="38" branch="false" />
                <line number="164" hits="13" branch="true" condition-coverage="75% (3/4)" />
                <line number="165" hits="13" branch="false" />
                <line number="166" hits="26" branch="false" />
                <line number="168" hits="13" branch="false" />
                <line number="169" hits="13" branch="false" />
                <line number="170" hits="13" branch="false" />
                <line number="171" hits="39" branch="false" />
                <line number="172" hits="39" branch="false" />
                <line number="173" hits="13" branch="false" />
                <line number="174" hits="14" branch="false" />
                <line number="175" hits="16" branch="false" />
                <line number="176" hits="7" branch="false" />
              </lines>
            </method>
            <method name=".ctor" signature="(Microsoft.Extensions.Options.IOptionsMonitor`1&lt;Udap.Common.UdapFileCertStoreManifest&gt;,Microsoft.Extensions.Logging.ILogger`1&lt;Udap.Common.Certificates.FileCertificateStore&gt;)" line-rate="0.8181818181818182" branch-rate="1" complexity="1">
              <lines>
                <line number="27" hits="9" branch="false" />
                <line number="28" hits="9" branch="false" />
                <line number="29" hits="9" branch="false" />
                <line number="30" hits="9" branch="false" />
                <line number="31" hits="9" branch="false" />
                <line number="32" hits="9" branch="false" />
                <line number="34" hits="9" branch="false" />
                <line number="35" hits="0" branch="false" />
                <line number="36" hits="0" branch="false" />
                <line number="37" hits="9" branch="false" />
                <line number="38" hits="9" branch="false" />
              </lines>
            </method>
          </methods>
          <lines>
            <line number="27" hits="9" branch="false" />
            <line number="28" hits="9" branch="false" />
            <line number="29" hits="9" branch="false" />
            <line number="30" hits="9" branch="false" />
            <line number="31" hits="9" branch="false" />
            <line number="32" hits="9" branch="false" />
            <line number="34" hits="9" branch="false" />
            <line number="35" hits="0" branch="false" />
            <line number="36" hits="0" branch="false" />
            <line number="37" hits="9" branch="false" />
            <line number="38" hits="9" branch="false" />
            <line number="41" hits="10" branch="false" />
            <line number="42" hits="10" branch="true" condition-coverage="100% (2/2)" />
            <line number="43" hits="9" branch="false" />
            <line number="44" hits="9" branch="false" />
            <line number="45" hits="7" branch="false" />
            <line number="46" hits="8" branch="false" />
            <line number="48" hits="8" branch="false" />
            <line number="49" hits="8" branch="false" />
            <line number="51" hits="35" branch="false" />
            <line number="54" hits="29" branch="false" />
            <line number="59" hits="9" branch="false" />
            <line number="61" hits="9" branch="false" />
            <line number="62" hits="9" branch="false" />
            <line number="64" hits="61" branch="true" condition-coverage="100% (2/2)" />
            <line number="65" hits="18" branch="false" />
            <line number="66" hits="18" branch="false" />
            <line number="67" hits="18" branch="true" condition-coverage="100% (2/2)" />
            <line number="68" hits="1" branch="false" />
            <line number="69" hits="5" branch="true" condition-coverage="100% (2/2)" />
            <line number="70" hits="1" branch="false" />
            <line number="71" hits="1" branch="false" />
            <line number="72" hits="1" branch="false" />
            <line number="73" hits="1" branch="false" />
            <line number="75" hits="68" branch="true" condition-coverage="100% (2/2)" />
            <line number="76" hits="8" branch="false" />
            <line number="77" hits="8" branch="true" condition-coverage="100% (2/2)" />
            <line number="78" hits="1" branch="false" />
            <line number="79" hits="1" branch="false" />
            <line number="82" hits="7" branch="false" />
            <line number="84" hits="7" branch="true" condition-coverage="100% (2/2)" />
            <line number="85" hits="1" branch="false" />
            <line number="86" hits="1" branch="false" />
            <line number="89" hits="6" branch="false" />
            <line number="90" hits="6" branch="false" />
            <line number="91" hits="6" branch="false" />
            <line number="92" hits="6" branch="false" />
            <line number="93" hits="6" branch="false" />
            <line number="95" hits="78" branch="true" condition-coverage="100% (2/2)" />
            <line number="96" hits="15" branch="false" />
            <line number="97" hits="15" branch="true" condition-coverage="100% (2/2)" />
            <line number="98" hits="1" branch="false" />
            <line number="99" hits="1" branch="false" />
            <line number="100" hits="1" branch="false" />
            <line number="102" hits="15" branch="true" condition-coverage="100% (2/2)" />
            <line number="103" hits="14" branch="false" />
            <line number="104" hits="14" branch="false" />
            <line number="106" hits="14" branch="true" condition-coverage="100% (2/2)" />
            <line number="107" hits="1" branch="false" />
            <line number="108" hits="1" branch="false" />
            <line number="109" hits="1" branch="false" />
            <line number="112" hits="13" branch="false" />
            <line number="113" hits="13" branch="false" />
            <line number="115" hits="117" branch="true" condition-coverage="100% (2/2)" />
            <line number="116" hits="39" branch="false" />
            <line number="117" hits="78" branch="true" condition-coverage="50% (1/2)" />
            <line number="118" hits="167" branch="true" condition-coverage="50% (1/2)" />
            <line number="125" hits="39" branch="false" />
            <line number="127" hits="39" branch="false" />
            <line number="128" hits="39" branch="true" condition-coverage="100% (2/2)" />
            <line number="129" hits="26" branch="false" />
            <line number="130" hits="26" branch="false" />
            <line number="131" hits="26" branch="false" />
            <line number="132" hits="26" branch="false" />
            <line number="133" hits="26" branch="false" />
            <line number="136" hits="39" branch="true" condition-coverage="100% (2/2)" />
            <line number="137" hits="39" branch="false" />
            <line number="138" hits="39" branch="true" condition-coverage="100% (2/2)" />
            <line number="139" hits="26" branch="false" />
            <line number="140" hits="26" branch="true" condition-coverage="83% (5/6)" />
            <line number="141" hits="26" branch="false" />
            <line number="142" hits="13" branch="false" />
            <line number="143" hits="13" branch="false" />
            <line number="144" hits="13" branch="false" />
            <line number="146" hits="13" branch="false" />
            <line number="147" hits="13" branch="false" />
            <line number="149" hits="13" branch="false" />
            <line number="150" hits="25" branch="false" />
            <line number="151" hits="25" branch="false" />
            <line number="152" hits="25" branch="false" />
            <line number="153" hits="88" branch="true" condition-coverage="50% (1/2)" />
            <line number="154" hits="25" branch="false" />
            <line number="155" hits="13" branch="false" />
            <line number="156" hits="25" branch="true" condition-coverage="75% (3/4)" />
            <line number="157" hits="11" branch="false" />
            <line number="158" hits="11" branch="false" />
            <line number="159" hits="13" branch="false" />
            <line number="160" hits="13" branch="false" />
            <line number="161" hits="14" branch="false" />
            <line number="162" hits="38" branch="false" />
            <line number="164" hits="13" branch="true" condition-coverage="75% (3/4)" />
            <line number="165" hits="13" branch="false" />
            <line number="166" hits="26" branch="false" />
            <line number="168" hits="13" branch="false" />
            <line number="169" hits="13" branch="false" />
            <line number="170" hits="13" branch="false" />
            <line number="171" hits="39" branch="false" />
            <line number="172" hits="39" branch="false" />
            <line number="173" hits="13" branch="false" />
            <line number="174" hits="14" branch="false" />
            <line number="175" hits="16" branch="false" />
            <line number="176" hits="7" branch="false" />
          </lines>
        </class>
        <class name="Udap.Common.Certificates.IssuedCertificateStore" filename="C:\Source\GitHub\JoeShook\udap-tools\udap-dotnet\Udap.Common\Certificates\IssuedCertificateStore.cs" line-rate="0.873015873015873" branch-rate="0.8" complexity="22">
          <methods>
            <method name="get_IssuedCertificates" signature="()" line-rate="1" branch-rate="1" complexity="1">
              <lines>
                <line number="49" hits="71" branch="false" />
              </lines>
            </method>
            <method name="LoadCertificates" signature="(Udap.Common.UdapFileCertStoreManifest)" line-rate="0.8285714285714286" branch-rate="0.7777777777777778" complexity="18">
              <lines>
                <line number="52" hits="8" branch="false" />
                <line number="53" hits="8" branch="false" />
                <line number="54" hits="8" branch="false" />
                <line number="56" hits="120" branch="true" condition-coverage="100% (2/2)" />
                <line number="57" hits="48" branch="false" />
                <line number="58" hits="48" branch="false" />
                <line number="60" hits="240" branch="true" condition-coverage="100% (2/2)" />
                <line number="61" hits="48" branch="false" />
                <line number="62" hits="48" branch="true" condition-coverage="50% (1/2)" />
                <line number="63" hits="0" branch="false" />
                <line number="64" hits="0" branch="false" />
                <line number="65" hits="0" branch="false" />
                <line number="67" hits="48" branch="true" condition-coverage="100% (2/2)" />
                <line number="68" hits="48" branch="false" />
                <line number="69" hits="48" branch="false" />
                <line number="71" hits="48" branch="true" condition-coverage="50% (1/2)" />
                <line number="72" hits="0" branch="false" />
                <line number="73" hits="0" branch="false" />
                <line number="74" hits="0" branch="false" />
                <line number="77" hits="48" branch="false" />
                <line number="78" hits="48" branch="false" />
                <line number="80" hits="432" branch="true" condition-coverage="100% (2/2)" />
                <line number="81" hits="144" branch="false" />
                <line number="82" hits="288" branch="true" condition-coverage="67% (4/6)" />
                <line number="83" hits="144" branch="false" />
                <line number="84" hits="144" branch="false" />
                <line number="85" hits="48" branch="false" />
                <line number="86" hits="48" branch="false" />
                <line number="87" hits="48" branch="false" />
                <line number="88" hits="48" branch="false" />
                <line number="89" hits="144" branch="false" />
                <line number="90" hits="48" branch="false" />
                <line number="91" hits="48" branch="false" />
                <line number="92" hits="48" branch="false" />
                <line number="93" hits="8" branch="false" />
              </lines>
            </method>
            <method name=".ctor" signature="(Microsoft.Extensions.Options.IOptionsMonitor`1&lt;Udap.Common.UdapFileCertStoreManifest&gt;,Microsoft.Extensions.Logging.ILogger`1&lt;Udap.Common.Certificates.IssuedCertificateStore&gt;)" line-rate="0.8333333333333334" branch-rate="1" complexity="1">
              <lines>
                <line number="13" hits="10" branch="false" />
                <line number="15" hits="10" branch="false" />
                <line number="16" hits="10" branch="false" />
                <line number="17" hits="10" branch="false" />
                <line number="18" hits="10" branch="false" />
                <line number="19" hits="10" branch="false" />
                <line number="20" hits="10" branch="false" />
                <line number="22" hits="10" branch="false" />
                <line number="23" hits="0" branch="false" />
                <line number="24" hits="0" branch="false" />
                <line number="25" hits="10" branch="false" />
                <line number="26" hits="10" branch="false" />
              </lines>
            </method>
            <method name="Resolve" signature="()" line-rate="1" branch-rate="1" complexity="2">
              <lines>
                <line number="29" hits="8" branch="false" />
                <line number="30" hits="8" branch="false" />
                <line number="32" hits="8" branch="false" />
                <line number="34" hits="8" branch="false" />
                <line number="35" hits="8" branch="true" condition-coverage="100% (2/2)" />
                <line number="36" hits="8" branch="false" />
                <line number="37" hits="16" branch="false" />
                <line number="38" hits="8" branch="false" />
                <line number="39" hits="8" branch="false" />
                <line number="41" hits="8" branch="false" />
                <line number="42" hits="8" branch="false" />
                <line number="43" hits="8" branch="false" />
                <line number="44" hits="8" branch="false" />
                <line number="46" hits="8" branch="false" />
                <line number="47" hits="8" branch="false" />
              </lines>
            </method>
          </methods>
          <lines>
            <line number="13" hits="10" branch="false" />
            <line number="15" hits="10" branch="false" />
            <line number="16" hits="10" branch="false" />
            <line number="17" hits="10" branch="false" />
            <line number="18" hits="10" branch="false" />
            <line number="19" hits="10" branch="false" />
            <line number="20" hits="10" branch="false" />
            <line number="22" hits="10" branch="false" />
            <line number="23" hits="0" branch="false" />
            <line number="24" hits="0" branch="false" />
            <line number="25" hits="10" branch="false" />
            <line number="26" hits="10" branch="false" />
            <line number="29" hits="8" branch="false" />
            <line number="30" hits="8" branch="false" />
            <line number="32" hits="8" branch="false" />
            <line number="34" hits="8" branch="false" />
            <line number="35" hits="8" branch="true" condition-coverage="100% (2/2)" />
            <line number="36" hits="8" branch="false" />
            <line number="37" hits="16" branch="false" />
            <line number="38" hits="8" branch="false" />
            <line number="39" hits="8" branch="false" />
            <line number="41" hits="8" branch="false" />
            <line number="42" hits="8" branch="false" />
            <line number="43" hits="8" branch="false" />
            <line number="44" hits="8" branch="false" />
            <line number="46" hits="8" branch="false" />
            <line number="47" hits="8" branch="false" />
            <line number="49" hits="71" branch="false" />
            <line number="52" hits="8" branch="false" />
            <line number="53" hits="8" branch="false" />
            <line number="54" hits="8" branch="false" />
            <line number="56" hits="120" branch="true" condition-coverage="100% (2/2)" />
            <line number="57" hits="48" branch="false" />
            <line number="58" hits="48" branch="false" />
            <line number="60" hits="240" branch="true" condition-coverage="100% (2/2)" />
            <line number="61" hits="48" branch="false" />
            <line number="62" hits="48" branch="true" condition-coverage="50% (1/2)" />
            <line number="63" hits="0" branch="false" />
            <line number="64" hits="0" branch="false" />
            <line number="65" hits="0" branch="false" />
            <line number="67" hits="48" branch="true" condition-coverage="100% (2/2)" />
            <line number="68" hits="48" branch="false" />
            <line number="69" hits="48" branch="false" />
            <line number="71" hits="48" branch="true" condition-coverage="50% (1/2)" />
            <line number="72" hits="0" branch="false" />
            <line number="73" hits="0" branch="false" />
            <line number="74" hits="0" branch="false" />
            <line number="77" hits="48" branch="false" />
            <line number="78" hits="48" branch="false" />
            <line number="80" hits="432" branch="true" condition-coverage="100% (2/2)" />
            <line number="81" hits="144" branch="false" />
            <line number="82" hits="288" branch="true" condition-coverage="67% (4/6)" />
            <line number="83" hits="144" branch="false" />
            <line number="84" hits="144" branch="false" />
            <line number="85" hits="48" branch="false" />
            <line number="86" hits="48" branch="false" />
            <line number="87" hits="48" branch="false" />
            <line number="88" hits="48" branch="false" />
            <line number="89" hits="144" branch="false" />
            <line number="90" hits="48" branch="false" />
            <line number="91" hits="48" branch="false" />
            <line number="92" hits="48" branch="false" />
            <line number="93" hits="8" branch="false" />
          </lines>
        </class>
        <class name="Udap.Common.Certificates.TrustAnchorFileStore" filename="C:\Source\GitHub\JoeShook\udap-tools\udap-dotnet\Udap.Common\Certificates\TrustAnchorFileStore.cs" line-rate="0.7551020408163265" branch-rate="0.6428571428571429" complexity="16">
          <methods>
            <method name="Resolve" signature="()" line-rate="1" branch-rate="1" complexity="2">
              <lines>
                <line number="38" hits="5" branch="false" />
                <line number="39" hits="5" branch="true" condition-coverage="100% (2/2)" />
                <line number="40" hits="5" branch="false" />
                <line number="41" hits="5" branch="false" />
                <line number="42" hits="5" branch="false" />
                <line number="43" hits="5" branch="false" />
                <line number="45" hits="5" branch="false" />
                <line number="46" hits="5" branch="false" />
              </lines>
            </method>
            <method name="get_AnchorCertificates" signature="()" line-rate="1" branch-rate="1" complexity="1">
              <lines>
                <line number="48" hits="25" branch="false" />
              </lines>
            </method>
            <method name="LoadCertificates" signature="(Udap.Common.UdapFileCertStoreManifest)" line-rate="0.6551724137931034" branch-rate="0.5833333333333334" complexity="12">
              <lines>
                <line number="52" hits="5" branch="false" />
                <line number="53" hits="5" branch="false" />
                <line number="55" hits="5" branch="false" />
                <line number="57" hits="75" branch="true" condition-coverage="100% (2/2)" />
                <line number="58" hits="30" branch="false" />
                <line number="59" hits="30" branch="false" />
                <line number="60" hits="30" branch="true" condition-coverage="50% (1/2)" />
                <line number="61" hits="0" branch="false" />
                <line number="62" hits="0" branch="true" condition-coverage="0% (0/2)" />
                <line number="63" hits="0" branch="false" />
                <line number="64" hits="0" branch="false" />
                <line number="65" hits="0" branch="false" />
                <line number="66" hits="0" branch="false" />
                <line number="68" hits="110" branch="true" condition-coverage="100% (2/2)" />
                <line number="69" hits="10" branch="false" />
                <line number="70" hits="10" branch="true" condition-coverage="50% (1/2)" />
                <line number="71" hits="0" branch="false" />
                <line number="72" hits="0" branch="false" />
                <line number="75" hits="10" branch="false" />
                <line number="77" hits="10" branch="true" condition-coverage="50% (1/2)" />
                <line number="78" hits="0" branch="false" />
                <line number="79" hits="0" branch="false" />
                <line number="82" hits="10" branch="false" />
                <line number="83" hits="10" branch="false" />
                <line number="84" hits="10" branch="false" />
                <line number="85" hits="10" branch="false" />
                <line number="86" hits="10" branch="false" />
                <line number="87" hits="30" branch="false" />
                <line number="88" hits="5" branch="false" />
              </lines>
            </method>
            <method name=".ctor" signature="(Microsoft.Extensions.Options.IOptionsMonitor`1&lt;Udap.Common.UdapFileCertStoreManifest&gt;,Microsoft.Extensions.Logging.ILogger`1&lt;Udap.Common.Certificates.TrustAnchorFileStore&gt;)" line-rate="0.8181818181818182" branch-rate="1" complexity="1">
              <lines>
                <line number="24" hits="8" branch="false" />
                <line number="25" hits="8" branch="false" />
                <line number="26" hits="8" branch="false" />
                <line number="27" hits="8" branch="false" />
                <line number="28" hits="8" branch="false" />
                <line number="29" hits="8" branch="false" />
                <line number="31" hits="8" branch="false" />
                <line number="32" hits="0" branch="false" />
                <line number="33" hits="0" branch="false" />
                <line number="34" hits="8" branch="false" />
                <line number="35" hits="8" branch="false" />
              </lines>
            </method>
          </methods>
          <lines>
            <line number="24" hits="8" branch="false" />
            <line number="25" hits="8" branch="false" />
            <line number="26" hits="8" branch="false" />
            <line number="27" hits="8" branch="false" />
            <line number="28" hits="8" branch="false" />
            <line number="29" hits="8" branch="false" />
            <line number="31" hits="8" branch="false" />
            <line number="32" hits="0" branch="false" />
            <line number="33" hits="0" branch="false" />
            <line number="34" hits="8" branch="false" />
            <line number="35" hits="8" branch="false" />
            <line number="38" hits="5" branch="false" />
            <line number="39" hits="5" branch="true" condition-coverage="100% (2/2)" />
            <line number="40" hits="5" branch="false" />
            <line number="41" hits="5" branch="false" />
            <line number="42" hits="5" branch="false" />
            <line number="43" hits="5" branch="false" />
            <line number="45" hits="5" branch="false" />
            <line number="46" hits="5" branch="false" />
            <line number="48" hits="25" branch="false" />
            <line number="52" hits="5" branch="false" />
            <line number="53" hits="5" branch="false" />
            <line number="55" hits="5" branch="false" />
            <line number="57" hits="75" branch="true" condition-coverage="100% (2/2)" />
            <line number="58" hits="30" branch="false" />
            <line number="59" hits="30" branch="false" />
            <line number="60" hits="30" branch="true" condition-coverage="50% (1/2)" />
            <line number="61" hits="0" branch="false" />
            <line number="62" hits="0" branch="true" condition-coverage="0% (0/2)" />
            <line number="63" hits="0" branch="false" />
            <line number="64" hits="0" branch="false" />
            <line number="65" hits="0" branch="false" />
            <line number="66" hits="0" branch="false" />
            <line number="68" hits="110" branch="true" condition-coverage="100% (2/2)" />
            <line number="69" hits="10" branch="false" />
            <line number="70" hits="10" branch="true" condition-coverage="50% (1/2)" />
            <line number="71" hits="0" branch="false" />
            <line number="72" hits="0" branch="false" />
            <line number="75" hits="10" branch="false" />
            <line number="77" hits="10" branch="true" condition-coverage="50% (1/2)" />
            <line number="78" hits="0" branch="false" />
            <line number="79" hits="0" branch="false" />
            <line number="82" hits="10" branch="false" />
            <line number="83" hits="10" branch="false" />
            <line number="84" hits="10" branch="false" />
            <line number="85" hits="10" branch="false" />
            <line number="86" hits="10" branch="false" />
            <line number="87" hits="30" branch="false" />
            <line number="88" hits="5" branch="false" />
          </lines>
        </class>
        <class name="Udap.Common.Certificates.TrustAnchorMemoryStore" filename="C:\Source\GitHub\JoeShook\udap-tools\udap-dotnet\Udap.Common\Certificates\TrustAnchorMemoryStore.cs" line-rate="0" branch-rate="1" complexity="2">
          <methods>
            <method name="get_AnchorCertificates" signature="()" line-rate="0" branch-rate="1" complexity="1">
              <lines>
                <line number="16" hits="0" branch="false" />
              </lines>
            </method>
            <method name="Resolve" signature="()" line-rate="0" branch-rate="1" complexity="1">
              <lines>
                <line number="19" hits="0" branch="false" />
                <line number="20" hits="0" branch="false" />
                <line number="21" hits="0" branch="false" />
              </lines>
            </method>
          </methods>
          <lines>
            <line number="16" hits="0" branch="false" />
            <line number="19" hits="0" branch="false" />
            <line number="20" hits="0" branch="false" />
            <line number="21" hits="0" branch="false" />
          </lines>
        </class>
        <class name="Udap.Common.Certificates.TrustChainValidator" filename="C:\Source\GitHub\JoeShook\udap-tools\udap-dotnet\Udap.Common\Certificates\TrustChainValidator.cs" line-rate="0.9575289575289575" branch-rate="0.9375" complexity="169">
          <methods>
            <method name="FindIssuer" signature="(Org.BouncyCastle.X509.X509Certificate,System.Collections.Generic.List`1&lt;Org.BouncyCastle.X509.X509Certificate&gt;)" line-rate="0.7777777777777778" branch-rate="1" complexity="6">
              <lines>
                <line number="389" hits="82" branch="false" />
                <line number="390" hits="344" branch="true" condition-coverage="100% (2/2)" />
                <line number="391" hits="71" branch="false" />
                <line number="392" hits="71" branch="true" condition-coverage="100% (2/2)" />
                <line number="393" hits="24" branch="false" />
                <line number="394" hits="24" branch="false" />
                <line number="398" hits="47" branch="true" condition-coverage="100% (2/2)" />
                <line number="399" hits="2" branch="false" />
                <line number="400" hits="2" branch="false" />
                <line number="404" hits="45" branch="false" />
                <line number="405" hits="45" branch="false" />
                <line number="406" hits="44" branch="false" />
                <line number="408" hits="0" branch="false" />
                <line number="409" hits="0" branch="false" />
                <line number="410" hits="0" branch="false" />
                <line number="411" hits="0" branch="false" />
                <line number="412" hits="0" branch="false" />
                <line number="413" hits="0" branch="false" />
                <line number="414" hits="1" branch="false" />
                <line number="415" hits="1" branch="false" />
                <line number="416" hits="1" branch="false" />
                <line number="417" hits="1" branch="false" />
                <line number="418" hits="1" branch="false" />
                <line number="419" hits="1" branch="false" />
                <line number="420" hits="1" branch="false" />
                <line number="422" hits="38" branch="false" />
                <line number="423" hits="82" branch="false" />
              </lines>
            </method>
            <method name="MatchesKeyIdentifiers" signature="(Org.BouncyCastle.X509.X509Certificate,Org.BouncyCastle.X509.X509Certificate)" line-rate="0.8125" branch-rate="1" complexity="4">
              <lines>
                <line number="426" hits="47" branch="false" />
                <line number="428" hits="47" branch="false" />
                <line number="429" hits="47" branch="false" />
                <line number="430" hits="47" branch="false" />
                <line number="432" hits="47" branch="true" condition-coverage="100% (4/4)" />
                <line number="433" hits="3" branch="false" />
                <line number="434" hits="3" branch="false" />
                <line number="437" hits="44" branch="false" />
                <line number="438" hits="44" branch="false" />
                <line number="439" hits="44" branch="false" />
                <line number="440" hits="44" branch="false" />
                <line number="442" hits="44" branch="false" />
                <line number="444" hits="0" branch="false" />
                <line number="445" hits="0" branch="false" />
                <line number="446" hits="0" branch="false" />
                <line number="448" hits="47" branch="false" />
              </lines>
            </method>
            <method name="LogNoCacheWarning" signature="()" line-rate="1" branch-rate="1" complexity="2">
              <lines>
                <line number="570" hits="26" branch="false" />
                <line number="571" hits="26" branch="true" condition-coverage="100% (2/2)" />
                <line number="572" hits="24" branch="false" />
                <line number="573" hits="24" branch="false" />
                <line number="574" hits="24" branch="false" />
                <line number="575" hits="24" branch="false" />
                <line number="576" hits="24" branch="false" />
                <line number="577" hits="24" branch="false" />
                <line number="578" hits="26" branch="false" />
              </lines>
            </method>
            <method name="IsCertTimeValid" signature="(Org.BouncyCastle.X509.X509Certificate)" line-rate="1" branch-rate="0.5" complexity="2">
              <lines>
                <line number="742" hits="105" branch="false" />
                <line number="743" hits="105" branch="false" />
                <line number="744" hits="105" branch="true" condition-coverage="50% (1/2)" />
                <line number="745" hits="105" branch="false" />
              </lines>
            </method>
            <method name="HasValidBasicConstraints" signature="(Org.BouncyCastle.X509.X509Certificate)" line-rate="1" branch-rate="1" complexity="1">
              <lines>
                <line number="748" hits="11" branch="false" />
                <line number="749" hits="11" branch="false" />
                <line number="751" hits="11" branch="false" />
                <line number="752" hits="11" branch="false" />
              </lines>
            </method>
            <method name="IsAnchor" signature="(Org.BouncyCastle.X509.X509Certificate,System.Collections.Generic.List`1&lt;Org.BouncyCastle.X509.X509Certificate&gt;)" line-rate="1" branch-rate="1" complexity="1">
              <lines>
                <line number="755" hits="105" branch="false" />
                <line number="756" hits="105" branch="false" />
                <line number="757" hits="219" branch="false" />
                <line number="758" hits="105" branch="false" />
              </lines>
            </method>
            <method name="GetThumbprint" signature="(Org.BouncyCastle.X509.X509Certificate)" line-rate="1" branch-rate="1" complexity="1">
              <lines>
                <line number="761" hits="387" branch="false" />
                <line number="762" hits="387" branch="false" />
                <line number="763" hits="387" branch="false" />
                <line number="764" hits="387" branch="false" />
              </lines>
            </method>
            <method name="FindMatchingDotNetCert" signature="(Org.BouncyCastle.X509.X509Certificate,System.Security.Cryptography.X509Certificates.X509Certificate2,System.Security.Cryptography.X509Certificates.X509Certificate2Collection,System.Security.Cryptography.X509Certificates.X509Certificate2Collection)" line-rate="0.9090909090909091" branch-rate="0.8333333333333334" complexity="12">
              <lines>
                <line number="771" hits="105" branch="false" />
                <line number="772" hits="105" branch="false" />
                <line number="774" hits="105" branch="true" condition-coverage="100% (2/2)" />
                <line number="775" hits="52" branch="false" />
                <line number="776" hits="52" branch="false" />
                <line number="779" hits="231" branch="true" condition-coverage="100% (2/2)" />
                <line number="780" hits="57" branch="false" />
                <line number="781" hits="57" branch="true" condition-coverage="100% (2/2)" />
                <line number="782" hits="42" branch="false" />
                <line number="783" hits="42" branch="false" />
                <line number="785" hits="15" branch="false" />
                <line number="787" hits="11" branch="true" condition-coverage="100% (2/2)" />
                <line number="788" hits="2" branch="false" />
                <line number="789" hits="8" branch="true" condition-coverage="50% (1/2)" />
                <line number="790" hits="2" branch="false" />
                <line number="791" hits="2" branch="true" condition-coverage="50% (1/2)" />
                <line number="792" hits="2" branch="false" />
                <line number="793" hits="2" branch="false" />
                <line number="795" hits="0" branch="false" />
                <line number="796" hits="0" branch="false" />
                <line number="798" hits="9" branch="false" />
                <line number="799" hits="105" branch="false" />
              </lines>
            </method>
            <method name="HasRelevantProblems" signature="(System.Collections.Generic.List`1&lt;Udap.Common.Certificates.ChainProblem&gt;)" line-rate="1" branch-rate="1" complexity="1">
              <lines>
                <line number="802" hits="103" branch="false" />
                <line number="803" hits="122" branch="false" />
                <line number="804" hits="103" branch="false" />
              </lines>
            </method>
            <method name="NotifyUntrusted" signature="(System.Security.Cryptography.X509Certificates.X509Certificate2)" line-rate="1" branch-rate="1" complexity="2">
              <lines>
                <line number="807" hits="26" branch="false" />
                <line number="808" hits="26" branch="false" />
                <line number="810" hits="26" branch="true" condition-coverage="100% (2/2)" />
                <line number="811" hits="12" branch="false" />
                <line number="813" hits="12" branch="false" />
                <line number="814" hits="12" branch="false" />
                <line number="815" hits="11" branch="false" />
                <line number="816" hits="1" branch="false" />
                <line number="817" hits="1" branch="false" />
                <line number="819" hits="1" branch="false" />
                <line number="820" hits="12" branch="false" />
                <line number="821" hits="26" branch="false" />
              </lines>
            </method>
            <method name="NotifyProblem" signature="(Udap.Common.Certificates.ChainElementInfo)" line-rate="1" branch-rate="1" complexity="2">
              <lines>
                <line number="824" hits="15" branch="false" />
                <line number="825" hits="15" branch="false" />
                <line number="826" hits="15" branch="false" />
                <line number="827" hits="15" branch="false" />
                <line number="828" hits="43" branch="false" />
                <line number="830" hits="15" branch="true" condition-coverage="100% (2/2)" />
[...]
            </method>
            <method name="get_Certificate" signature="()" line-rate="1" branch-rate="1" complexity="1">
              <lines>
                <line number="21" hits="31" branch="false" />
              </lines>
            </method>
            <method name="get_Thumbprint" signature="()" line-rate="1" branch-rate="1" complexity="1">
              <lines>
                <line number="22" hits="38" branch="false" />
              </lines>
            </method>
            <method name="get_BeginDate" signature="()" line-rate="1" branch-rate="1" complexity="1">
              <lines>
                <line number="23" hits="17" branch="false" />
              </lines>
            </method>
            <method name="get_EndDate" signature="()" line-rate="1" branch-rate="1" complexity="1">
              <lines>
                <line number="24" hits="17" branch="false" />
              </lines>
            </method>
            <method name="get_Anchor" signature="()" line-rate="1" branch-rate="1" complexity="1">
              <lines>
                <line number="26" hits="19" branch="false" />
              </lines>
            </method>
            <method name="ToString" signature="()" line-rate="1" branch-rate="1" complexity="1">
              <lines>
                <line number="31" hits="1" branch="false" />
                <line number="32" hits="1" branch="false" />
                <line number="33" hits="1" branch="false" />
              </lines>
            </method>
            <method name="GetHashCode" signature="()" line-rate="1" branch-rate="1" complexity="1">
              <lines>
                <line number="38" hits="2" branch="false" />
                <line number="39" hits="2" branch="false" />
                <line number="40" hits="2" branch="false" />
              </lines>
            </method>
            <method name="Equals" signature="(Udap.Common.Models.Intermediate)" line-rate="1" branch-rate="1" complexity="2">
              <lines>
                <line number="47" hits="3" branch="false" />
                <line number="48" hits="4" branch="true" condition-coverage="100% (2/2)" />
                <line number="49" hits="2" branch="false" />
                <line number="50" hits="3" branch="false" />
              </lines>
            </method>
            <method name="Equals" signature="(System.Object)" line-rate="1" branch-rate="1" complexity="2">
              <lines>
                <line number="57" hits="4" branch="false" />
                <line number="58" hits="5" branch="true" condition-coverage="100% (2/2)" />
                <line number="59" hits="3" branch="false" />
                <line number="60" hits="4" branch="false" />
              </lines>
            </method>
            <method name=".ctor" signature="()" line-rate="1" branch-rate="1" complexity="1">
              <lines>
                <line number="8" hits="3" branch="false" />
              </lines>
            </method>
            <method name=".ctor" signature="(System.Security.Cryptography.X509Certificates.X509Certificate2,System.String)" line-rate="1" branch-rate="1" complexity="2">
              <lines>
                <line number="9" hits="14" branch="false" />
                <line number="10" hits="14" branch="false" />
                <line number="11" hits="14" branch="false" />
                <line number="12" hits="14" branch="false" />
                <line number="13" hits="14" branch="false" />
                <line number="14" hits="14" branch="false" />
                <line number="15" hits="14" branch="true" condition-coverage="100% (2/2)" />
                <line number="16" hits="14" branch="false" />
              </lines>
            </method>
          </methods>
          <lines>
            <line number="8" hits="3" branch="false" />
            <line number="9" hits="14" branch="false" />
            <line number="10" hits="14" branch="false" />
            <line number="11" hits="14" branch="false" />
            <line number="12" hits="14" branch="false" />
            <line number="13" hits="14" branch="false" />
            <line number="14" hits="14" branch="false" />
            <line number="15" hits="14" branch="true" condition-coverage="100% (2/2)" />
            <line number="16" hits="14" branch="false" />
            <line number="17" hits="3" branch="false" />
            <line number="18" hits="3" branch="false" />
            <line number="19" hits="3" branch="false" />
            <line number="20" hits="32" branch="false" />
            <line number="21" hits="31" branch="false" />
            <line number="22" hits="38" branch="false" />
            <line number="23" hits="17" branch="false" />
            <line number="24" hits="17" branch="false" />
            <line number="26" hits="19" branch="false" />
            <line number="31" hits="1" branch="false" />
            <line number="32" hits="1" branch="false" />
            <line number="33" hits="1" branch="false" />
            <line number="38" hits="2" branch="false" />
            <line number="39" hits="2" branch="false" />
            <line number="40" hits="2" branch="false" />
            <line number="47" hits="3" branch="false" />
            <line number="48" hits="4" branch="true" condition-coverage="100% (2/2)" />
            <line number="49" hits="2" branch="false" />
            <line number="50" hits="3" branch="false" />
            <line number="57" hits="4" branch="false" />
            <line number="58" hits="5" branch="true" condition-coverage="100% (2/2)" />
            <line number="59" hits="3" branch="false" />
            <line number="60" hits="4" branch="false" />
          </lines>
        </class>
        <class name="Udap.Common.Models.IssuedCertificate" filename="C:\Source\GitHub\JoeShook\udap-tools\udap-dotnet\Udap.Common\Models\IssuedCertificate.cs" line-rate="0.9629629629629629" branch-rate="0.8333333333333334" complexity="13">
          <methods>
            <method name="get_Community" signature="()" line-rate="1" branch-rate="1" complexity="1">
              <lines>
                <line number="31" hits="149" branch="false" />
              </lines>
            </method>
            <method name="get_Certificate" signature="()" line-rate="1" branch-rate="1" complexity="1">
              <lines>
                <line number="33" hits="13" branch="false" />
              </lines>
            </method>
            <method name="get_Thumbprint" signature="()" line-rate="1" branch-rate="1" complexity="1">
              <lines>
                <line number="35" hits="71" branch="false" />
              </lines>
            </method>
            <method name="get_SubjectAltNames" signature="()" line-rate="1" branch-rate="1" complexity="1">
              <lines>
                <line number="37" hits="76" branch="false" />
              </lines>
            </method>
            <method name="GetHashCode" signature="()" line-rate="1" branch-rate="1" complexity="1">
              <lines>
                <line number="42" hits="63" branch="false" />
                <line number="43" hits="63" branch="false" />
                <line number="44" hits="63" branch="false" />
              </lines>
            </method>
            <method name="Equals" signature="(Udap.Common.Models.IssuedCertificate)" line-rate="1" branch-rate="0.75" complexity="4">
              <lines>
                <line number="51" hits="5" branch="false" />
                <line number="52" hits="6" branch="true" condition-coverage="100% (2/2)" />
                <line number="53" hits="4" branch="true" condition-coverage="50% (1/2)" />
                <line number="54" hits="4" branch="false" />
                <line number="55" hits="5" branch="false" />
              </lines>
            </method>
            <method name="Equals" signature="(System.Object)" line-rate="1" branch-rate="1" complexity="2">
              <lines>
                <line number="62" hits="3" branch="false" />
                <line number="63" hits="5" branch="true" condition-coverage="100% (2/2)" />
                <line number="64" hits="1" branch="false" />
                <line number="65" hits="3" branch="false" />
              </lines>
            </method>
            <method name=".ctor" signature="()" line-rate="0" branch-rate="1" complexity="1">
              <lines>
                <line number="18" hits="0" branch="false" />
              </lines>
            </method>
            <method name=".ctor" signature="(System.Security.Cryptography.X509Certificates.X509Certificate2,System.String)" line-rate="1" branch-rate="1" complexity="1">
              <lines>
                <line number="20" hits="63" branch="false" />
                <line number="21" hits="63" branch="false" />
                <line number="22" hits="63" branch="false" />
                <line number="23" hits="63" branch="false" />
                <line number="24" hits="63" branch="false" />
                <line number="25" hits="63" branch="false" />
                <line number="26" hits="96" branch="false" />
                <line number="27" hits="96" branch="false" />
                <line number="28" hits="63" branch="false" />
                <line number="29" hits="63" branch="false" />
              </lines>
            </method>
          </methods>
          <lines>
            <line number="18" hits="0" branch="false" />
            <line number="20" hits="63" branch="false" />
            <line number="21" hits="63" branch="false" />
            <line number="22" hits="63" branch="false" />
            <line number="23" hits="63" branch="false" />
            <line number="24" hits="63" branch="false" />
            <line number="25" hits="63" branch="false" />
            <line number="26" hits="96" branch="false" />
            <line number="27" hits="96" branch="false" />
            <line number="28" hits="63" branch="false" />
            <line number="29" hits="63" branch="false" />
            <line number="31" hits="149" branch="false" />
            <line number="33" hits="13" branch="false" />
            <line number="35" hits="71" branch="false" />
            <line number="37" hits="76" branch="false" />
            <line number="42" hits="63" branch="false" />
            <line number="43" hits="63" branch="false" />
            <line number="44" hits="63" branch="false" />
            <line number="51" hits="5" branch="false" />
            <line number="52" hits="6" branch="true" condition-coverage="100% (2/2)" />
            <line number="53" hits="4" branch="true" condition-coverage="50% (1/2)" />
            <line number="54" hits="4" branch="false" />
            <line number="55" hits="5" branch="false" />
            <line number="62" hits="3" branch="false" />
            <line number="63" hits="5" branch="true" condition-coverage="100% (2/2)" />
            <line number="64" hits="1" branch="false" />
            <line number="65" hits="3" branch="false" />
          </lines>
        </class>
        <class name="Udap.Common.Models.ParsedSecret" filename="C:\Source\GitHub\JoeShook\udap-tools\udap-dotnet\Udap.Common\Models\ParsedSecret.cs" line-rate="0" branch-rate="1" complexity="4">
          <methods>
            <method name="get_Id" signature="()" line-rate="0" branch-rate="1" complexity="1">
              <lines>
                <line number="23" hits="0" branch="false" />
              </lines>
            </method>
            <method name="get_Credential" signature="()" line-rate="0" branch-rate="1" complexity="1">
              <lines>
                <line number="31" hits="0" branch="false" />
              </lines>
            </method>
            <method name="get_Type" signature="()" line-rate="0" branch-rate="1" complexity="1">
              <lines>
                <line number="39" hits="0" branch="false" />
              </lines>
            </method>
            <method name="get_Properties" signature="()" line-rate="0" branch-rate="1" complexity="1">
              <lines>
                <line number="47" hits="0" branch="false" />
              </lines>
            </method>
          </methods>
          <lines>
            <line number="23" hits="0" branch="false" />
            <line number="31" hits="0" branch="false" />
            <line number="39" hits="0" branch="false" />
            <line number="47" hits="0" branch="false" />
          </lines>
        </class>
        <class name="Udap.Common.Models.TieredClient" filename="C:\Source\GitHub\JoeShook\udap-tools\udap-dotnet\Udap.Common\Models\TieredClient.cs" line-rate="1" branch-rate="1" complexity="9">
          <methods>
            <method name="get_Id" signature="()" line-rate="1" branch-rate="1" complexity="1">
              <lines>
                <line number="14" hits="1" branch="false" />
              </lines>
            </method>
            <method name="get_ClientName" signature="()" line-rate="1" branch-rate="1" complexity="1">
              <lines>
                <line number="15" hits="1" branch="false" />
              </lines>
            </method>
            <method name="get_ClientId" signature="()" line-rate="1" branch-rate="1" complexity="1">
              <lines>
                <line number="16" hits="1" branch="false" />
              </lines>
            </method>
            <method name="get_IdPBaseUrl" signature="()" line-rate="1" branch-rate="1" complexity="1">
              <lines>
                <line number="17" hits="1" branch="false" />
              </lines>
            </method>
            <method name="get_RedirectUri" signature="()" line-rate="1" branch-rate="1" complexity="1">
              <lines>
                <line number="18" hits="1" branch="false" />
              </lines>
            </method>
            <method name="get_ClientUriSan" signature="()" line-rate="1" branch-rate="1" complexity="1">
              <lines>
                <line number="20" hits="1" branch="false" />
              </lines>
            </method>
            <method name="get_CommunityId" signature="()" line-rate="1" branch-rate="1" complexity="1">
              <lines>
                <line number="22" hits="1" branch="false" />
              </lines>
            </method>
            <method name="get_Enabled" signature="()" line-rate="1" branch-rate="1" complexity="1">
              <lines>
                <line number="23" hits="1" branch="false" />
              </lines>
            </method>
            <method name="get_TokenEndpoint" signature="()" line-rate="1" branch-rate="1" complexity="1">
              <lines>
                <line number="25" hits="1" branch="false" />
              </lines>
            </method>
          </methods>
          <lines>
            <line number="14" hits="1" branch="false" />
            <line number="15" hits="1" branch="false" />
            <line number="16" hits="1" branch="false" />
            <line number="17" hits="1" branch="false" />
            <line number="18" hits="1" branch="false" />
            <line number="20" hits="1" branch="false" />
            <line number="22" hits="1" branch="false" />
            <line number="23" hits="1" branch="false" />
            <line number="25" hits="1" branch="false" />
          </lines>
        </class>
        <class name="Udap.Common.Tracing" filename="C:\Source\GitHub\JoeShook\udap-tools\udap-dotnet\Udap.Common\Tracing.cs" line-rate="0" branch-rate="1" complexity="9">
          <methods>
            <method name="get_StoreActivitySource" signature="()" line-rate="0" branch-rate="1" complexity="1">
              <lines>
                <line number="23" hits="0" branch="false" />
              </lines>
            </method>
            <method name="get_ValidationActivitySource" signature="()" line-rate="0" branch-rate="1" complexity="1">
              <lines>
                <line number="31" hits="0" branch="false" />
              </lines>
            </method>
            <method name="get_DiscoveryEndpointActivitySource" signature="()" line-rate="0" branch-rate="1" complexity="1">
              <lines>
                <line number="38" hits="0" branch="false" />
              </lines>
            </method>
            <method name="get_ServiceVersion" signature="()" line-rate="0" branch-rate="1" complexity="1">
              <lines>
                <line number="45" hits="0" branch="false" />
              </lines>
            </method>
            <method name=".cctor" signature="()" line-rate="0" branch-rate="1" complexity="1">
              <lines>
                <line number="16" hits="0" branch="false" />
                <line number="18" hits="0" branch="false" />
                <line number="23" hits="0" branch="false" />
                <line number="24" hits="0" branch="false" />
                <line number="25" hits="0" branch="false" />
                <line number="31" hits="0" branch="false" />
                <line number="32" hits="0" branch="false" />
                <line number="33" hits="0" branch="false" />
                <line number="38" hits="0" branch="false" />
                <line number="39" hits="0" branch="false" />
                <line number="40" hits="0" branch="false" />
              </lines>
            </method>
            <method name="get_Basic" signature="()" line-rate="0" branch-rate="1" complexity="1">
              <lines>
                <line number="53" hits="0" branch="false" />
              </lines>
            </method>
            <method name="get_Store" signature="()" line-rate="0" branch-rate="1" complexity="1">
              <lines>
                <line number="58" hits="0" branch="false" />
              </lines>
            </method>
            <method name="get_Validation" signature="()" line-rate="0" branch-rate="1" complexity="1">
              <lines>
                <line number="64" hits="0" branch="false" />
              </lines>
            </method>
            <method name="get_Endpoints" signature="()" line-rate="0" branch-rate="1" complexity="1">
              <lines>
                <line number="69" hits="0" branch="false" />
              </lines>
            </method>
          </methods>
          <lines>
            <line number="16" hits="0" branch="false" />
            <line number="18" hits="0" branch="false" />
            <line number="23" hits="0" branch="false" />
            <line number="24" hits="0" branch="false" />
            <line number="25" hits="0" branch="false" />
            <line number="31" hits="0" branch="false" />
            <line number="32" hits="0" branch="false" />
            <line number="33" hits="0" branch="false" />
            <line number="38" hits="0" branch="false" />
            <line number="39" hits="0" branch="false" />
            <line number="40" hits="0" branch="false" />
            <line number="45" hits="0" branch="false" />
            <line number="53" hits="0" branch="false" />
            <line number="58" hits="0" branch="false" />
            <line number="64" hits="0" branch="false" />
            <line number="69" hits="0" branch="false" />
          </lines>
        </class>
        <class name="Udap.Common.UdapFileCertStoreManifest" filename="C:\Source\GitHub\JoeShook\udap-tools\udap-dotnet\Udap.Common\UdapFileCertStoreManifest.cs" line-rate="1" branch-rate="1" complexity="1">
          <methods>
            <method name="get_Communities" signature="()" line-rate="1" branch-rate="1" complexity="1">
              <lines>
                <line number="17" hits="77" branch="false" />
              </lines>
            </method>
          </methods>
          <lines>
            <line number="17" hits="77" branch="false" />
          </lines>
        </class>
      </classes>
    </package>
  </packages>
</coverage>